<?xml version="1.0" encoding="UTF-8"?>
<!-- Generated by org.testng.reporters.JUnitReportReporter -->
<testsuite hostname="JavaDev" failures="0" tests="1" name="com.oldmutual.testCase.TestC_WebsiteTest_001" time="7.735" errors="0" timestamp="2021-11-26T02:58:19 SAST" skipped="0">
  <testcase classname="com.oldmutual.testCase.TestC_WebsiteTest_001" name="browseToFinancePageTest" time="7.735"/>
  <system-out/>
</testsuite> <!-- com.oldmutual.testCase.TestC_WebsiteTest_001 -->
