<?xml version="1.0" encoding="UTF-8"?>
<!-- Generated by org.testng.reporters.JUnitReportReporter -->
<testsuite hostname="JavaDev" failures="0" tests="1" name="com.oldmutual.testingmaterial.STMTestNGClass" time="0.013" errors="0" timestamp="2021-11-29T05:45:44 SAST" skipped="0">
  <testcase classname="com.oldmutual.testingmaterial.STMTestNGClass" name="printClass" time="0.013"/>
  <system-out/>
</testsuite> <!-- com.oldmutual.testingmaterial.STMTestNGClass -->
